mode: set
github.com/chang/vamos/pkg/config/config.go:24.26,34.2 1 0
github.com/chang/vamos/pkg/config/config.go:36.55,37.42 1 0
github.com/chang/vamos/pkg/config/config.go:37.42,39.3 1 0
github.com/chang/vamos/pkg/config/config.go:40.2,40.21 1 0
github.com/chang/vamos/main.go:14.13,23.12 4 0
github.com/chang/vamos/main.go:23.12,28.3 4 0
github.com/chang/vamos/main.go:31.2,32.42 2 0
github.com/chang/vamos/main.go:32.42,34.3 1 0
github.com/chang/vamos/internal/aws/client.go:36.69,38.16 2 1
github.com/chang/vamos/internal/aws/client.go:38.16,40.3 1 0
github.com/chang/vamos/internal/aws/client.go:42.2,46.8 1 1
github.com/chang/vamos/internal/aws/client.go:50.75,52.16 2 1
github.com/chang/vamos/internal/aws/client.go:52.16,54.3 1 1
github.com/chang/vamos/internal/aws/client.go:55.2,55.28 1 1
github.com/chang/vamos/internal/aws/client.go:59.86,64.16 2 1
github.com/chang/vamos/internal/aws/client.go:64.16,66.3 1 1
github.com/chang/vamos/internal/aws/client.go:69.2,69.37 1 1
github.com/chang/vamos/internal/aws/client.go:69.37,71.3 1 1
github.com/chang/vamos/internal/aws/client.go:72.2,72.47 1 1
github.com/chang/vamos/internal/aws/client.go:76.92,79.18 2 1
github.com/chang/vamos/internal/aws/client.go:79.18,81.3 1 1
github.com/chang/vamos/internal/aws/client.go:84.2,86.16 3 1
github.com/chang/vamos/internal/aws/client.go:86.16,89.17 2 0
github.com/chang/vamos/internal/aws/client.go:89.17,91.4 1 0
github.com/chang/vamos/internal/aws/client.go:92.3,99.17 3 0
github.com/chang/vamos/internal/aws/client.go:99.17,101.4 1 0
github.com/chang/vamos/internal/aws/client.go:104.3,104.30 1 0
github.com/chang/vamos/internal/aws/client.go:104.30,106.18 2 0
github.com/chang/vamos/internal/aws/client.go:106.18,108.5 1 0
github.com/chang/vamos/internal/aws/client.go:109.4,115.18 3 0
github.com/chang/vamos/internal/aws/client.go:115.18,117.5 1 0
github.com/chang/vamos/internal/aws/client.go:120.3,120.139 1 0
github.com/chang/vamos/internal/aws/client.go:124.2,125.30 2 1
github.com/chang/vamos/internal/aws/client.go:125.30,127.17 2 0
github.com/chang/vamos/internal/aws/client.go:127.17,129.4 1 0
github.com/chang/vamos/internal/aws/client.go:130.3,130.35 1 0
github.com/chang/vamos/internal/aws/client.go:134.2,138.16 2 1
github.com/chang/vamos/internal/aws/client.go:138.16,140.3 1 0
github.com/chang/vamos/internal/aws/client.go:141.2,141.29 1 1
github.com/chang/vamos/internal/aws/client.go:145.95,147.2 1 1
github.com/chang/vamos/internal/aws/client.go:150.114,154.2 1 1
github.com/chang/vamos/internal/aws/client.go:157.63,158.43 1 1
github.com/chang/vamos/internal/aws/client.go:158.43,160.3 1 1
github.com/chang/vamos/internal/aws/client.go:162.2,164.20 3 1
github.com/chang/vamos/internal/aws/client.go:164.20,166.3 1 1
github.com/chang/vamos/internal/aws/client.go:167.2,167.23 1 1
github.com/chang/vamos/internal/llm/client.go:21.46,26.2 1 1
github.com/chang/vamos/internal/llm/client.go:29.83,42.16 2 1
github.com/chang/vamos/internal/llm/client.go:42.16,44.3 1 1
github.com/chang/vamos/internal/llm/client.go:46.2,46.28 1 1
github.com/chang/vamos/internal/llm/client.go:46.28,48.3 1 0
github.com/chang/vamos/internal/llm/client.go:50.2,50.45 1 1
github.com/chang/vamos/internal/web/server.go:19.34,33.2 7 1
github.com/chang/vamos/internal/web/server.go:36.46,40.2 1 1
github.com/chang/vamos/internal/web/server.go:43.44,48.2 1 1
github.com/chang/vamos/internal/web/server.go:51.48,58.20 4 0
github.com/chang/vamos/internal/web/server.go:58.20,61.3 2 0
github.com/chang/vamos/internal/web/server.go:64.2,70.55 2 0
github.com/chang/vamos/internal/web/server.go:70.55,73.3 2 0
github.com/chang/vamos/internal/web/server.go:76.2,76.94 1 0
github.com/chang/vamos/internal/web/server.go:76.94,79.3 2 0
github.com/chang/vamos/internal/web/server.go:82.2,90.33 2 0
github.com/chang/vamos/internal/web/server.go:113.45,117.31 3 0
github.com/chang/vamos/internal/web/server.go:117.31,122.3 2 0
github.com/chang/vamos/internal/web/server.go:126.2,147.33 2 0
github.com/chang/vamos/internal/web/server.go:151.51,152.34 1 1
github.com/chang/vamos/internal/web/server.go:152.34,154.3 1 1
github.com/chang/vamos/internal/web/server.go:156.2,162.12 3 1
github.com/chang/vamos/internal/web/server.go:162.12,163.80 1 1
github.com/chang/vamos/internal/web/server.go:163.80,165.4 1 0
github.com/chang/vamos/internal/web/server.go:168.2,168.9 1 1
github.com/chang/vamos/internal/web/server.go:169.24,170.13 1 0
github.com/chang/vamos/internal/web/server.go:171.20,174.38 3 1
